Mon  1 Sep 04:00:01 MDT 2025: Starting daily container restart to refresh DNS and network stack
Mon  1 Sep 04:00:01 MDT 2025: Container not running, starting it
 Container montana-trackmania-bot  Running
Mon  1 Sep 04:00:01 MDT 2025: Daily restart completed
Tue  2 Sep 04:00:01 MDT 2025: Starting daily container restart to refresh DNS and network stack
Tue  2 Sep 04:00:01 MDT 2025: Container not running, starting it
 Container montana-trackmania-bot  Running
Tue  2 Sep 04:00:01 MDT 2025: Daily restart completed
Wed  3 Sep 04:00:02 MDT 2025: Starting daily container restart to refresh DNS and network stack
Wed  3 Sep 04:00:02 MDT 2025: Container not running, starting it
 Container montana-trackmania-bot  Running
Wed  3 Sep 04:00:02 MDT 2025: Daily restart completed
Thu  4 Sep 04:00:01 MDT 2025: Starting daily container restart to refresh DNS and network stack
Thu  4 Sep 04:00:01 MDT 2025: Container not running, starting it
 Container montana-trackmania-bot  Running
Thu  4 Sep 04:00:01 MDT 2025: Daily restart completed
Fri  5 Sep 04:00:01 MDT 2025: Starting daily container restart to refresh DNS and network stack
Fri  5 Sep 04:00:02 MDT 2025: Container not running, starting it
 Container montana-trackmania-bot  Running
Fri  5 Sep 04:00:02 MDT 2025: Daily restart completed
Sat  6 Sep 04:00:01 MDT 2025: Starting daily container restart to refresh DNS and network stack
Sat  6 Sep 04:00:01 MDT 2025: Container not running, starting it
 Container montana-trackmania-bot  Running
Sat  6 Sep 04:00:01 MDT 2025: Daily restart completed
Sun  7 Sep 04:00:01 MDT 2025: Starting daily container restart to refresh DNS and network stack
Sun  7 Sep 04:00:01 MDT 2025: Container not running, starting it
 Container montana-trackmania-bot  Running
Sun  7 Sep 04:00:02 MDT 2025: Daily restart completed
Mon  8 Sep 04:00:01 MDT 2025: Starting daily container restart to refresh DNS and network stack
Mon  8 Sep 04:00:01 MDT 2025: Container not running, starting it
 Container montana-trackmania-bot  Running
Mon  8 Sep 04:00:01 MDT 2025: Daily restart completed
